	[INFO][16:08:11] : Getprotobyname Succed.
	[INFO][16:08:11] : Socket_fd in now created.
	[INFO][16:08:11] : Socket_fd in now set.
	[INFO][16:08:11] : Socket_fd is binded.
	[INFO][16:08:11] : Socket_fd is non blocking fd.
	[INFO][16:08:11] : Socket_fd is now listening every attemp of connection.
	[INFO][16:08:11] : Getprotobyname Succed.
	[INFO][16:08:11] : Socket_fd in now created.
	[INFO][16:08:11] : Socket_fd in now set.
	[INFO][16:08:11] : Socket_fd is binded.
	[INFO][16:08:11] : Socket_fd is non blocking fd.
	[INFO][16:08:11] : Socket_fd is now listening every attemp of connection.
	[INFO][16:08:11] : Getprotobyname Succed.
	[INFO][16:08:11] : Socket_fd in now created.
	[INFO][16:08:11] : Socket_fd in now set.
	[INFO][16:08:11] : Socket_fd is binded.
	[INFO][16:08:11] : Socket_fd is non blocking fd.
	[INFO][16:08:11] : Socket_fd is now listening every attemp of connection.
	[INFO][16:08:11] : Getprotobyname Succed.
	[INFO][16:08:11] : Socket_fd in now created.
	[INFO][16:08:11] : Socket_fd in now set.
	[INFO][16:08:11] : Socket_fd is binded.
	[INFO][16:08:11] : Socket_fd is non blocking fd.
	[INFO][16:08:11] : Socket_fd is now listening every attemp of connection.
	[INFO][16:08:11] : Getprotobyname Succed.
	[INFO][16:08:11] : Socket_fd in now created.
	[INFO][16:08:11] : Socket_fd in now set.
	[INFO][16:08:11] : Socket_fd is binded.
	[INFO][16:08:11] : Socket_fd is non blocking fd.
	[INFO][16:08:11] : Socket_fd is now listening every attemp of connection.
	[INFO][16:08:11] : Getprotobyname Succed.
	[INFO][16:08:11] : Socket_fd in now created.
	[INFO][16:08:11] : Socket_fd in now set.
	[INFO][16:08:11] : Socket_fd is binded.
	[INFO][16:08:11] : Socket_fd is non blocking fd.
	[INFO][16:08:11] : Socket_fd is now listening every attemp of connection.
	[INFO][16:08:11] : Getprotobyname Succed.
	[INFO][16:08:11] : Socket_fd in now created.
	[INFO][16:08:11] : Socket_fd in now set.
	[INFO][16:08:11] : Socket_fd is binded.
	[INFO][16:08:11] : Socket_fd is non blocking fd.
	[INFO][16:08:11] : Socket_fd is now listening every attemp of connection.
	[INFO][16:08:11] : Getprotobyname Succed.
	[INFO][16:08:11] : Socket_fd in now created.
	[INFO][16:08:11] : Socket_fd in now set.
	[INFO][16:08:11] : Socket_fd is binded.
	[INFO][16:08:11] : Socket_fd is non blocking fd.
	[INFO][16:08:11] : Socket_fd is now listening every attemp of connection.
	[INFO][16:08:11] : Getprotobyname Succed.
	[INFO][16:08:11] : Socket_fd in now created.
	[INFO][16:08:11] : Socket_fd in now set.
	[INFO][16:08:11] : Socket_fd is binded.
	[INFO][16:08:11] : Socket_fd is non blocking fd.
	[INFO][16:08:11] : Socket_fd is now listening every attemp of connection.
	[INFO][16:08:11] : Getprotobyname Succed.
	[INFO][16:08:11] : Socket_fd in now created.
	[INFO][16:08:11] : Socket_fd in now set.
	[INFO][16:08:11] : Socket_fd is binded.
	[INFO][16:08:11] : Socket_fd is non blocking fd.
	[INFO][16:08:11] : Socket_fd is now listening every attemp of connection.
	[INFO][16:08:11] : Getprotobyname Succed.
	[INFO][16:08:11] : Socket_fd in now created.
	[INFO][16:08:11] : Socket_fd in now set.
	[INFO][16:08:11] : Socket_fd is binded.
	[INFO][16:08:11] : Socket_fd is non blocking fd.
	[INFO][16:08:11] : Socket_fd is now listening every attemp of connection.
[INFO][16:08:11] : Starting Server.
	[INFO][16:08:11] : Epoll instance successfully created.
	[INFO][16:08:11] : Epoll_ctl successfully add the socket file descriptor to Epoll instance.
	[INFO][16:08:11] : The server construction is now complete. The server is ready to accept incoming connections.
[INFO][16:08:13] : [NEW REQUEST]
	[INFO][16:08:13] : Server did accept the connection.
	[INFO][16:08:13] : Server's receive a GET request.
	[INFO][16:08:13] : The file requested "/home/user/ecole_42/webserv/website_catApi/html/gallery.html" was found.
	[INFO][16:08:13] : End of the request.
	[INFO][16:08:13] : Got a EPOLLIN attempt.
	[INFO][16:08:13] : Connexion has been successfuly closed. ConnexionFD removed from Epoll Instance.
[INFO][16:08:13] : [NEW REQUEST]
	[INFO][16:08:13] : Server did accept the connection.
	[INFO][16:08:13] : Server's receive a GET request.
	[INFO][16:08:13] : The file requested "/home/user/ecole_42/webserv/website_catApi/styles/styles.css" was found.
	[INFO][16:08:13] : End of the request.
	[INFO][16:08:13] : Got a EPOLLIN attempt.
	[INFO][16:08:13] : Connexion has been successfuly closed. ConnexionFD removed from Epoll Instance.
[INFO][16:08:13] : [NEW REQUEST]
	[INFO][16:08:13] : Server did accept the connection.
[INFO][16:08:13] : [NEW REQUEST]
	[INFO][16:08:13] : Server did accept the connection.
[INFO][16:08:13] : [NEW REQUEST]
	[INFO][16:08:13] : Server did accept the connection.
	[INFO][16:08:13] : Server's receive a GET request.
	[INFO][16:08:13] : The file requested "/home/user/ecole_42/webserv/website_catApi/images/cat1.jpg" was found.
	[INFO][16:08:13] : End of the request.
	[INFO][16:08:13] : Got a EPOLLIN attempt.
	[INFO][16:08:13] : Server's receive a GET request.
	[INFO][16:08:13] : The file requested "/home/user/ecole_42/webserv/website_catApi/images/cat2.jpg" was found.
	[INFO][16:08:13] : End of the request.
	[INFO][16:08:13] : Got a EPOLLIN attempt.
[INFO][16:08:13] : [NEW REQUEST]
	[INFO][16:08:13] : Server did accept the connection.
	[INFO][16:08:13] : Connexion has been successfuly closed. ConnexionFD removed from Epoll Instance.
	[INFO][16:08:13] : Connexion has been successfuly closed. ConnexionFD removed from Epoll Instance.
	[INFO][16:08:13] : Server's receive a GET request.
	[INFO][16:08:13] : The file requested "/home/user/ecole_42/webserv/website_catApi/images/cat3.jpg" was found.
	[INFO][16:08:13] : End of the request.
	[INFO][16:08:13] : Got a EPOLLIN attempt.
[INFO][16:08:13] : [NEW REQUEST]
	[INFO][16:08:13] : Server did accept the connection.
	[INFO][16:08:13] : Connexion has been successfuly closed. ConnexionFD removed from Epoll Instance.
	[INFO][16:08:13] : Server's receive a GET request.
	[INFO][16:08:13] : The file requested "/home/user/ecole_42/webserv/website_catApi/images/cat4.jpg" was found.
	[INFO][16:08:13] : End of the request.
	[INFO][16:08:13] : Got a EPOLLIN attempt.
[INFO][16:08:13] : [NEW REQUEST]
	[INFO][16:08:13] : Server did accept the connection.
	[INFO][16:08:13] : Connexion has been successfuly closed. ConnexionFD removed from Epoll Instance.
	[INFO][16:08:13] : Server's receive a GET request.
	[INFO][16:08:13] : The file requested "/home/user/ecole_42/webserv/website_catApi/images/cat5.jpg" was found.
	[INFO][16:08:13] : End of the request.
	[INFO][16:08:13] : Got a EPOLLIN attempt.
	[INFO][16:08:13] : Connexion has been successfuly closed. ConnexionFD removed from Epoll Instance.
	[INFO][16:08:13] : Server's receive a GET request.
	[INFO][16:08:13] : The file requested "/home/user/ecole_42/webserv/website_catApi/scripts/script.js" was found.
	[INFO][16:08:13] : End of the request.
	[INFO][16:08:13] : Got a EPOLLIN attempt.
	[INFO][16:08:13] : Connexion has been successfuly closed. ConnexionFD removed from Epoll Instance.
[INFO][16:08:14] : [NEW REQUEST]
	[INFO][16:08:14] : Server did accept the connection.
	[INFO][16:08:14] : Server's receive a GET request.
	[INFO][16:08:14] : The file requested "/home/user/ecole_42/webserv/website_catApi/images/panther.webp" was found.
	[INFO][16:08:14] : End of the request.
	[INFO][16:08:14] : Got a EPOLLIN attempt.
	[INFO][16:08:14] : Connexion has been successfuly closed. ConnexionFD removed from Epoll Instance.
[INFO][16:08:14] : [NEW REQUEST]
	[INFO][16:08:14] : Server did accept the connection.
	[INFO][16:08:14] : Server's receive a GET request.
	[INFO][16:08:14] : The file requested "/home/user/ecole_42/webserv/website_catApi/images/hearts.jpg" was found.
	[INFO][16:08:14] : End of the request.
	[INFO][16:08:14] : Got a EPOLLIN attempt.
	[INFO][16:08:14] : Connexion has been successfuly closed. ConnexionFD removed from Epoll Instance.
[INFO][16:08:14] : [NEW REQUEST]
	[INFO][16:08:14] : Server did accept the connection.
	[INFO][16:08:14] : Server's receive a GET request.
	[INFO][16:08:14] : The file requested "/home/user/ecole_42/webserv/website_catApi/images/icons/favicon.ico" was found.
	[INFO][16:08:14] : End of the request.
	[INFO][16:08:14] : Got a EPOLLIN attempt.
	[INFO][16:08:14] : Connexion has been successfuly closed. ConnexionFD removed from Epoll Instance.
	[ERROR][16:08:14] : The call to epoll_wait failed.
	[INFO][16:08:14] : Shutting down the server properly.
